Using pre-set license
Built from '2020.3/staging' branch; Version is '2020.3.16f1 (049d6eca3c44) revision 302446'; Using compiler version '192528614'; Build Type 'Release'
OS: 'Windows 10 Home; OS build 19044.1348; Version 2009; 64bit' Language: 'en' Physical Memory: 16253 MB
BatchMode: 1, IsHumanControllingUs: 0, StartBugReporterOnCrash: 0, Is64bit: 1, IsPro: 0

 COMMAND LINE ARGUMENTS:
C:\Program Files\Unity\Editor\Unity.exe
-adb2
-batchMode
-noUpm
-name
AssetImportWorker0
-projectPath
C:/Users/elpde/Desktop/RubyFinal
-logFile
Logs/AssetImportWorker0.log
-srvPort
64531
Successfully changed project path to: C:/Users/elpde/Desktop/RubyFinal
C:/Users/elpde/Desktop/RubyFinal
Using Asset Import Pipeline V2.
Refreshing native plugins compatible for Editor in 25.38 ms, found 2 plugins.
Preloading 0 native plugins for Editor in 0.00 ms.
Initialize engine version: 2020.3.16f1 (049d6eca3c44)
[Subsystems] Discovering subsystems at path C:/Program Files/Unity/Editor/Data/Resources/UnitySubsystems
[Subsystems] Discovering subsystems at path C:/Users/elpde/Desktop/RubyFinal/Assets
GfxDevice: creating device client; threaded=0
Direct3D:
    Version:  Direct3D 11.0 [level 11.1]
    Renderer: NVIDIA GeForce RTX 3060 (ID=0x2504)
    Vendor:   
    VRAM:     12143 MB
    Driver:   30.0.14.7168
Initialize mono
Mono path[0] = 'C:/Program Files/Unity/Editor/Data/Managed'
Mono path[1] = 'C:/Program Files/Unity/Editor/Data/MonoBleedingEdge/lib/mono/unityjit'
Mono config path = 'C:/Program Files/Unity/Editor/Data/MonoBleedingEdge/etc'
Using monoOptions --debugger-agent=transport=dt_socket,embedding=1,server=y,suspend=n,address=127.0.0.1:56056
Begin MonoManager ReloadAssembly
Registering precompiled unity dll's ...
Register platform support module: C:/Program Files/Unity/Editor/Data/PlaybackEngines/WindowsStandaloneSupport/UnityEditor.WindowsStandalone.Extensions.dll
Registered in 0.001217 seconds.
Native extension for WindowsStandalone target not found
Refreshing native plugins compatible for Editor in 26.51 ms, found 2 plugins.
Preloading 0 native plugins for Editor in 0.00 ms.
Mono: successfully reloaded assembly
- Completed reload, in  0.674 seconds
Domain Reload Profiling:
	ReloadAssembly (674ms)
		BeginReloadAssembly (36ms)
			ExecutionOrderSort (0ms)
			DisableScriptedObjects (0ms)
			BackupInstance (0ms)
			ReleaseScriptingObjects (0ms)
			CreateAndSetChildDomain (1ms)
		EndReloadAssembly (300ms)
			LoadAssemblies (35ms)
			RebuildTransferFunctionScriptingTraits (0ms)
			SetupTypeCache (114ms)
			ReleaseScriptCaches (0ms)
			RebuildScriptCaches (21ms)
			SetupLoadedEditorAssemblies (113ms)
				LogAssemblyErrors (0ms)
				InitializePlatformSupportModulesInManaged (3ms)
				SetLoadedEditorAssemblies (0ms)
				RefreshPlugins (27ms)
				BeforeProcessingInitializeOnLoad (6ms)
				ProcessInitializeOnLoadAttributes (57ms)
				ProcessInitializeOnLoadMethodAttributes (19ms)
				AfterProcessingInitializeOnLoad (0ms)
				EditorAssembliesLoaded (0ms)
			ExecutionOrderSort2 (0ms)
			AwakeInstancesAfterBackupRestoration (0ms)
Platform modules already initialized, skipping
Registering precompiled user dll's ...
Registered in 0.002293 seconds.
Begin MonoManager ReloadAssembly
Native extension for WindowsStandalone target not found
Refreshing native plugins compatible for Editor in 0.34 ms, found 2 plugins.
Preloading 0 native plugins for Editor in 0.00 ms.
Mono: successfully reloaded assembly
- Completed reload, in  0.789 seconds
Domain Reload Profiling:
	ReloadAssembly (789ms)
		BeginReloadAssembly (99ms)
			ExecutionOrderSort (0ms)
			DisableScriptedObjects (3ms)
			BackupInstance (0ms)
			ReleaseScriptingObjects (0ms)
			CreateAndSetChildDomain (15ms)
		EndReloadAssembly (645ms)
			LoadAssemblies (61ms)
			RebuildTransferFunctionScriptingTraits (0ms)
			SetupTypeCache (202ms)
			ReleaseScriptCaches (0ms)
			RebuildScriptCaches (35ms)
			SetupLoadedEditorAssemblies (280ms)
				LogAssemblyErrors (0ms)
				InitializePlatformSupportModulesInManaged (4ms)
				SetLoadedEditorAssemblies (0ms)
				RefreshPlugins (0ms)
				BeforeProcessingInitializeOnLoad (46ms)
				ProcessInitializeOnLoadAttributes (218ms)
				ProcessInitializeOnLoadMethodAttributes (7ms)
				AfterProcessingInitializeOnLoad (4ms)
				EditorAssembliesLoaded (0ms)
			ExecutionOrderSort2 (0ms)
			AwakeInstancesAfterBackupRestoration (4ms)
Platform modules already initialized, skipping
========================================================================
Worker process is ready to serve import requests
Launched and connected shader compiler UnityShaderCompiler.exe after 0.04 seconds
Refreshing native plugins compatible for Editor in 0.31 ms, found 2 plugins.
Preloading 0 native plugins for Editor in 0.00 ms.
Unloading 1641 Unused Serialized files (Serialized files now loaded: 0)
System memory in use before: 75.7 MB.
System memory in use after: 75.8 MB.

Unloading 23 unused Assets to reduce memory usage. Loaded Objects now: 2078.
Total: 2.004400 ms (FindLiveObjects: 0.123200 ms CreateObjectMapping: 0.036200 ms MarkObjects: 1.777300 ms  DeleteObjects: 0.066800 ms)

AssetImportParameters requested are different than current active one (requested -> active):
  custom:framework-win-MediaFoundation: 216162199b28c13a410421893ffa2e32 -> 
  custom:video-decoder-ogg-theora: a1e56fd34408186e4bbccfd4996cb3dc -> 
  custom:container-muxer-webm: aa71ff27fc2769a1b78a27578f13a17b -> 
  custom:container-demuxer-webm: 4f35f7cbe854078d1ac9338744f61a02 -> 
  custom:container-demuxer-ogg: 62fdf1f143b41e24485cea50d1cbac27 -> 
  custom:video-encoder-webm-vp8: eb34c28f22e8b96e1ab97ce403110664 -> 
  custom:video-decoder-webm-vp8: 9c59270c3fd7afecdb556c50c9e8de78 -> 
  custom:audio-decoder-ogg-vorbis: bf7c407c2cedff20999df2af8eb42d56 -> 
  custom:audio-encoder-webm-vorbis: bf7c407c2cedff20999df2af8eb42d56 -> 
========================================================================
Received Import Request.
  path: Assets/Prefabs/Mushrooms.prefab
  artifactKey: Guid(80b2045e3b6b1a049bf5f258bade3fe1) Importer(815301076,1909f56bfc062723c751e8b465ee728b)
Start importing Assets/Prefabs/Mushrooms.prefab using Guid(80b2045e3b6b1a049bf5f258bade3fe1) Importer(815301076,1909f56bfc062723c751e8b465ee728b)  -> (artifact id: 'b6f5163e07b0347057fa3baf00566473') in 0.071664 seconds 
  Import took 0.073854 seconds .

========================================================================
Received Import Request.
  Time since last request: 0.000179 seconds.
  path: Assets/Prefabs/CogBullet.prefab
  artifactKey: Guid(f649126ddb79f19418d12e61b19d4338) Importer(815301076,1909f56bfc062723c751e8b465ee728b)
Start importing Assets/Prefabs/CogBullet.prefab using Guid(f649126ddb79f19418d12e61b19d4338) Importer(815301076,1909f56bfc062723c751e8b465ee728b)  -> (artifact id: '9b2cf545f146657c316dfd675d9a2f53') in 0.018212 seconds 
  Import took 0.020448 seconds .

========================================================================
Received Import Request.
  Time since last request: 0.000127 seconds.
  path: Assets/Prefabs/GrassSmall.prefab
  artifactKey: Guid(560e869c316b4fe4f86c71baec3f7a42) Importer(815301076,1909f56bfc062723c751e8b465ee728b)
Start importing Assets/Prefabs/GrassSmall.prefab using Guid(560e869c316b4fe4f86c71baec3f7a42) Importer(815301076,1909f56bfc062723c751e8b465ee728b)  -> (artifact id: '407fb903ea06b98924d61f3c67e43e9d') in 0.021218 seconds 
  Import took 0.023434 seconds .

========================================================================
Received Import Request.
  Time since last request: 0.000168 seconds.
  path: Assets/Prefabs/TreeLittle.prefab
  artifactKey: Guid(055b924824205564286aa4c33a0df2c7) Importer(815301076,1909f56bfc062723c751e8b465ee728b)
Start importing Assets/Prefabs/TreeLittle.prefab using Guid(055b924824205564286aa4c33a0df2c7) Importer(815301076,1909f56bfc062723c751e8b465ee728b)  -> (artifact id: 'faeb560c7945503a8fe74571f74051d6') in 0.018032 seconds 
  Import took 0.020543 seconds .

========================================================================
Received Import Request.
  Time since last request: 0.000301 seconds.
  path: Assets/Prefabs/HardEnemy.prefab
  artifactKey: Guid(ada499128b1870240960ea676fb5c874) Importer(815301076,1909f56bfc062723c751e8b465ee728b)
Start importing Assets/Prefabs/HardEnemy.prefab using Guid(ada499128b1870240960ea676fb5c874) Importer(815301076,1909f56bfc062723c751e8b465ee728b)  -> (artifact id: '5e1c3e84d2eef19ac79394f92c6fb2f2') in 0.019071 seconds 
  Import took 0.021714 seconds .

========================================================================
Received Import Request.
  Time since last request: 0.000150 seconds.
  path: Assets/Prefabs/Box.prefab
  artifactKey: Guid(4183fcd2af25d8c48b0d2f970d87ec54) Importer(815301076,1909f56bfc062723c751e8b465ee728b)
Start importing Assets/Prefabs/Box.prefab using Guid(4183fcd2af25d8c48b0d2f970d87ec54) Importer(815301076,1909f56bfc062723c751e8b465ee728b)  -> (artifact id: '0e914b50b50f50186f0cc90d1739a60d') in 0.012867 seconds 
  Import took 0.015567 seconds .

========================================================================
Received Import Request.
  Time since last request: 0.000196 seconds.
  path: Assets/Prefabs/TreeBig3.prefab
  artifactKey: Guid(737d39ea2dcf33c42b5bf510a9e196e2) Importer(815301076,1909f56bfc062723c751e8b465ee728b)
Start importing Assets/Prefabs/TreeBig3.prefab using Guid(737d39ea2dcf33c42b5bf510a9e196e2) Importer(815301076,1909f56bfc062723c751e8b465ee728b)  -> (artifact id: 'b6cb707887ce761c7708c3b074fc28f1') in 0.011151 seconds 
  Import took 0.014170 seconds .

========================================================================
Received Import Request.
  Time since last request: 0.000160 seconds.
  path: Assets/Prefabs/DrainCover.prefab
  artifactKey: Guid(e8980fa4c6f038c44a2d91ca77369752) Importer(815301076,1909f56bfc062723c751e8b465ee728b)
Start importing Assets/Prefabs/DrainCover.prefab using Guid(e8980fa4c6f038c44a2d91ca77369752) Importer(815301076,1909f56bfc062723c751e8b465ee728b)  -> (artifact id: 'a7b41c6136073c63daf16b3851eab7c6') in 0.011033 seconds 
  Import took 0.013308 seconds .

========================================================================
Received Import Request.
  Time since last request: 0.000172 seconds.
  path: Assets/Prefabs/Damageable.prefab
  artifactKey: Guid(838e2f8fff8f31849a33d7303e032c0b) Importer(815301076,1909f56bfc062723c751e8b465ee728b)
Start importing Assets/Prefabs/Damageable.prefab using Guid(838e2f8fff8f31849a33d7303e032c0b) Importer(815301076,1909f56bfc062723c751e8b465ee728b)  -> (artifact id: '8cd455162914aec314b19366ccabdd35') in 0.017204 seconds 
  Import took 0.020543 seconds .

========================================================================
Received Import Request.
  Time since last request: 0.000138 seconds.
  path: Assets/Prefabs/Jambi.prefab
  artifactKey: Guid(d23923ec5073a9a408b5813925c8e347) Importer(815301076,1909f56bfc062723c751e8b465ee728b)
Start importing Assets/Prefabs/Jambi.prefab using Guid(d23923ec5073a9a408b5813925c8e347) Importer(815301076,1909f56bfc062723c751e8b465ee728b)  -> (artifact id: '372fbbf06d394477cf8bcd73eb9c47b9') in 0.055752 seconds 
  Import took 0.058147 seconds .

========================================================================
Received Import Request.
  Time since last request: 0.000149 seconds.
  path: Assets/Prefabs/SmokeEffect.prefab
  artifactKey: Guid(c0290d4c9cd9bd943a3368b5d134ccb5) Importer(815301076,1909f56bfc062723c751e8b465ee728b)
Start importing Assets/Prefabs/SmokeEffect.prefab using Guid(c0290d4c9cd9bd943a3368b5d134ccb5) Importer(815301076,1909f56bfc062723c751e8b465ee728b)  -> (artifact id: '023a9e734e0550be54b8135449284985') in 0.011350 seconds 
  Import took 0.013661 seconds .

========================================================================
Received Import Request.
  Time since last request: 0.000180 seconds.
  path: Assets/Prefabs/CollectibleHealth.prefab
  artifactKey: Guid(db90f0e65960a104dbd689c2af10c397) Importer(815301076,1909f56bfc062723c751e8b465ee728b)
Start importing Assets/Prefabs/CollectibleHealth.prefab using Guid(db90f0e65960a104dbd689c2af10c397) Importer(815301076,1909f56bfc062723c751e8b465ee728b)  -> (artifact id: '64fad72be015c3674a482848c1cea108') in 0.014135 seconds 
  Import took 0.016632 seconds .

========================================================================
Received Import Request.
  Time since last request: 0.000143 seconds.
  path: Assets/Prefabs/LotusFlower.prefab
  artifactKey: Guid(053ee2a037bbd784eb3371601bbbdbe9) Importer(815301076,1909f56bfc062723c751e8b465ee728b)
Start importing Assets/Prefabs/LotusFlower.prefab using Guid(053ee2a037bbd784eb3371601bbbdbe9) Importer(815301076,1909f56bfc062723c751e8b465ee728b)  -> (artifact id: '0ff71dd1bb2e551d5b6d98a91eedaa96') in 0.019294 seconds 
  Import took 0.021732 seconds .

========================================================================
Received Import Request.
  Time since last request: 0.000160 seconds.
  path: Assets/Prefabs/Ruby.prefab
  artifactKey: Guid(07024c3552a31014495f2002bee9271c) Importer(815301076,1909f56bfc062723c751e8b465ee728b)
Start importing Assets/Prefabs/Ruby.prefab using Guid(07024c3552a31014495f2002bee9271c) Importer(815301076,1909f56bfc062723c751e8b465ee728b)  -> (artifact id: '2ac3736a7ac4cc6bf84c0522167211e9') in 0.018104 seconds 
  Import took 0.021335 seconds .

========================================================================
Received Import Request.
  Time since last request: 0.000185 seconds.
  path: Assets/Prefabs/hitPrefab.prefab
  artifactKey: Guid(686883dff56519d4f8dd4a576381493b) Importer(815301076,1909f56bfc062723c751e8b465ee728b)
Start importing Assets/Prefabs/hitPrefab.prefab using Guid(686883dff56519d4f8dd4a576381493b) Importer(815301076,1909f56bfc062723c751e8b465ee728b)  -> (artifact id: 'aed844f4fdb093878a820b81b08277b4') in 0.013933 seconds 
  Import took 0.016293 seconds .

========================================================================
Received Import Request.
  Time since last request: 0.000156 seconds.
  path: Assets/Prefabs/Robot.prefab
  artifactKey: Guid(256a631902e595b46af2a7304cd9d944) Importer(815301076,1909f56bfc062723c751e8b465ee728b)
Start importing Assets/Prefabs/Robot.prefab using Guid(256a631902e595b46af2a7304cd9d944) Importer(815301076,1909f56bfc062723c751e8b465ee728b)  -> (artifact id: 'bb8d6cacb4f8183b1af2346e270e8858') in 0.013266 seconds 
  Import took 0.015745 seconds .

========================================================================
Received Import Request.
  Time since last request: 0.000154 seconds.
  path: Assets/Prefabs/Jambi2.prefab
  artifactKey: Guid(1f778bb1adb3a034da539e172195225c) Importer(815301076,1909f56bfc062723c751e8b465ee728b)
Start importing Assets/Prefabs/Jambi2.prefab using Guid(1f778bb1adb3a034da539e172195225c) Importer(815301076,1909f56bfc062723c751e8b465ee728b)  -> (artifact id: '9c4d8e293b082e22f4e77a2f0965e465') in 0.011961 seconds 
  Import took 0.015077 seconds .

========================================================================
Received Import Request.
  Time since last request: 0.000189 seconds.
  path: Assets/Prefabs/House.prefab
  artifactKey: Guid(8a80b6d47b9c52e439c31a1a7617b06d) Importer(815301076,1909f56bfc062723c751e8b465ee728b)
Start importing Assets/Prefabs/House.prefab using Guid(8a80b6d47b9c52e439c31a1a7617b06d) Importer(815301076,1909f56bfc062723c751e8b465ee728b)  -> (artifact id: '688a52412484575dcf776ab8d3b085e8') in 0.013336 seconds 
  Import took 0.015645 seconds .

========================================================================
Received Import Request.
  Time since last request: 0.000190 seconds.
  path: Assets/Prefabs/PickupParticles.prefab
  artifactKey: Guid(2b2d30f96d024dd4086c886b943a6034) Importer(815301076,1909f56bfc062723c751e8b465ee728b)
Start importing Assets/Prefabs/PickupParticles.prefab using Guid(2b2d30f96d024dd4086c886b943a6034) Importer(815301076,1909f56bfc062723c751e8b465ee728b)  -> (artifact id: 'e3ede93a12ce6a26babaaf0a3c954f3f') in 0.010319 seconds 
  Import took 0.012705 seconds .

========================================================================
Received Import Request.
  Time since last request: 0.000165 seconds.
  path: Assets/Prefabs/MetalCube.prefab
  artifactKey: Guid(3112147b3a9885a4aa0e9892199667a4) Importer(815301076,1909f56bfc062723c751e8b465ee728b)
Start importing Assets/Prefabs/MetalCube.prefab using Guid(3112147b3a9885a4aa0e9892199667a4) Importer(815301076,1909f56bfc062723c751e8b465ee728b)  -> (artifact id: '343d9f2529fbf267ddb843d07a57fcd9') in 0.010627 seconds 
  Import took 0.013341 seconds .

========================================================================
Received Import Request.
  Time since last request: 1.835813 seconds.
  path: Assets/Scripts/EnemyController.cs
  artifactKey: Guid(1b8252d3d42ad0c49a01003337c1d43a) Importer(815301076,1909f56bfc062723c751e8b465ee728b)
Start importing Assets/Scripts/EnemyController.cs using Guid(1b8252d3d42ad0c49a01003337c1d43a) Importer(815301076,1909f56bfc062723c751e8b465ee728b)  -> (artifact id: '8621cc9acdbc706f6f910f55ba171be7') in 0.015184 seconds 
  Import took 0.017521 seconds .

========================================================================
Received Import Request.
  Time since last request: 0.001068 seconds.
  path: Assets/Scripts/EnemyController.cs
  artifactKey: Guid(1b8252d3d42ad0c49a01003337c1d43a) Importer(815301076,1909f56bfc062723c751e8b465ee728b)
Start importing Assets/Scripts/EnemyController.cs using Guid(1b8252d3d42ad0c49a01003337c1d43a) Importer(815301076,1909f56bfc062723c751e8b465ee728b)  -> (artifact id: '8621cc9acdbc706f6f910f55ba171be7') in 0.001918 seconds 
  Import took 0.004563 seconds .

========================================================================
Received Import Request.
  Time since last request: 2.820860 seconds.
  path: Assets/Scripts/HardEnemyController.cs
  artifactKey: Guid(b05a4655c03251946a5c210061dc84b4) Importer(815301076,1909f56bfc062723c751e8b465ee728b)
Start importing Assets/Scripts/HardEnemyController.cs using Guid(b05a4655c03251946a5c210061dc84b4) Importer(815301076,1909f56bfc062723c751e8b465ee728b)  -> (artifact id: 'd88a39ebc192bb1636fce729a28b0e55') in 0.006485 seconds 
  Import took 0.009051 seconds .

========================================================================
Received Import Request.
  Time since last request: 0.001765 seconds.
  path: Assets/Scripts/HardEnemyController.cs
  artifactKey: Guid(b05a4655c03251946a5c210061dc84b4) Importer(815301076,1909f56bfc062723c751e8b465ee728b)
Start importing Assets/Scripts/HardEnemyController.cs using Guid(b05a4655c03251946a5c210061dc84b4) Importer(815301076,1909f56bfc062723c751e8b465ee728b)  -> (artifact id: 'd88a39ebc192bb1636fce729a28b0e55') in 0.002056 seconds 
  Import took 0.004663 seconds .

========================================================================
Received Prepare
Registering precompiled user dll's ...
Registered in 0.002291 seconds.
Begin MonoManager ReloadAssembly
Native extension for WindowsStandalone target not found
Refreshing native plugins compatible for Editor in 0.30 ms, found 2 plugins.
Preloading 0 native plugins for Editor in 0.00 ms.
Mono: successfully reloaded assembly
- Completed reload, in  0.697 seconds
Domain Reload Profiling:
	ReloadAssembly (698ms)
		BeginReloadAssembly (87ms)
			ExecutionOrderSort (0ms)
			DisableScriptedObjects (5ms)
			BackupInstance (0ms)
			ReleaseScriptingObjects (0ms)
			CreateAndSetChildDomain (25ms)
		EndReloadAssembly (566ms)
			LoadAssemblies (56ms)
			RebuildTransferFunctionScriptingTraits (0ms)
			SetupTypeCache (183ms)
			ReleaseScriptCaches (1ms)
			RebuildScriptCaches (28ms)
			SetupLoadedEditorAssemblies (235ms)
				LogAssemblyErrors (0ms)
				InitializePlatformSupportModulesInManaged (3ms)
				SetLoadedEditorAssemblies (0ms)
				RefreshPlugins (0ms)
				BeforeProcessingInitializeOnLoad (34ms)
				ProcessInitializeOnLoadAttributes (188ms)
				ProcessInitializeOnLoadMethodAttributes (5ms)
				AfterProcessingInitializeOnLoad (4ms)
				EditorAssembliesLoaded (0ms)
			ExecutionOrderSort2 (0ms)
			AwakeInstancesAfterBackupRestoration (5ms)
Platform modules already initialized, skipping
Refreshing native plugins compatible for Editor in 0.28 ms, found 2 plugins.
Preloading 0 native plugins for Editor in 0.00 ms.
Unloading 1619 Unused Serialized files (Serialized files now loaded: 0)
System memory in use before: 77.4 MB.
System memory in use after: 77.5 MB.

Unloading 17 unused Assets to reduce memory usage. Loaded Objects now: 2086.
Total: 2.040600 ms (FindLiveObjects: 0.113700 ms CreateObjectMapping: 0.033600 ms MarkObjects: 1.858000 ms  DeleteObjects: 0.034400 ms)

AssetImportParameters requested are different than current active one (requested -> active):
  custom:framework-win-MediaFoundation: 216162199b28c13a410421893ffa2e32 -> 
  custom:video-decoder-ogg-theora: a1e56fd34408186e4bbccfd4996cb3dc -> 
  custom:container-muxer-webm: aa71ff27fc2769a1b78a27578f13a17b -> 
  custom:container-demuxer-webm: 4f35f7cbe854078d1ac9338744f61a02 -> 
  custom:container-demuxer-ogg: 62fdf1f143b41e24485cea50d1cbac27 -> 
  custom:video-encoder-webm-vp8: eb34c28f22e8b96e1ab97ce403110664 -> 
  custom:video-decoder-webm-vp8: 9c59270c3fd7afecdb556c50c9e8de78 -> 
  custom:audio-decoder-ogg-vorbis: bf7c407c2cedff20999df2af8eb42d56 -> 
  custom:audio-encoder-webm-vorbis: bf7c407c2cedff20999df2af8eb42d56 -> 
========================================================================
Received Prepare
Registering precompiled user dll's ...
Registered in 0.002541 seconds.
Begin MonoManager ReloadAssembly
Native extension for WindowsStandalone target not found
Refreshing native plugins compatible for Editor in 0.31 ms, found 2 plugins.
Preloading 0 native plugins for Editor in 0.00 ms.
Mono: successfully reloaded assembly
- Completed reload, in  0.690 seconds
Domain Reload Profiling:
	ReloadAssembly (691ms)
		BeginReloadAssembly (80ms)
			ExecutionOrderSort (0ms)
			DisableScriptedObjects (4ms)
			BackupInstance (0ms)
			ReleaseScriptingObjects (0ms)
			CreateAndSetChildDomain (22ms)
		EndReloadAssembly (569ms)
			LoadAssemblies (57ms)
			RebuildTransferFunctionScriptingTraits (0ms)
			SetupTypeCache (174ms)
			ReleaseScriptCaches (1ms)
			RebuildScriptCaches (26ms)
			SetupLoadedEditorAssemblies (248ms)
				LogAssemblyErrors (0ms)
				InitializePlatformSupportModulesInManaged (4ms)
				SetLoadedEditorAssemblies (0ms)
				RefreshPlugins (0ms)
				BeforeProcessingInitializeOnLoad (35ms)
				ProcessInitializeOnLoadAttributes (199ms)
				ProcessInitializeOnLoadMethodAttributes (5ms)
				AfterProcessingInitializeOnLoad (4ms)
				EditorAssembliesLoaded (0ms)
			ExecutionOrderSort2 (0ms)
			AwakeInstancesAfterBackupRestoration (5ms)
Platform modules already initialized, skipping
Refreshing native plugins compatible for Editor in 0.38 ms, found 2 plugins.
Preloading 0 native plugins for Editor in 0.00 ms.
Unloading 1619 Unused Serialized files (Serialized files now loaded: 0)
System memory in use before: 77.4 MB.
System memory in use after: 77.5 MB.

Unloading 14 unused Assets to reduce memory usage. Loaded Objects now: 2088.
Total: 2.503400 ms (FindLiveObjects: 0.141400 ms CreateObjectMapping: 0.052800 ms MarkObjects: 2.285700 ms  DeleteObjects: 0.021100 ms)

AssetImportParameters requested are different than current active one (requested -> active):
  custom:framework-win-MediaFoundation: 216162199b28c13a410421893ffa2e32 -> 
  custom:video-decoder-ogg-theora: a1e56fd34408186e4bbccfd4996cb3dc -> 
  custom:container-muxer-webm: aa71ff27fc2769a1b78a27578f13a17b -> 
  custom:container-demuxer-webm: 4f35f7cbe854078d1ac9338744f61a02 -> 
  custom:container-demuxer-ogg: 62fdf1f143b41e24485cea50d1cbac27 -> 
  custom:video-encoder-webm-vp8: eb34c28f22e8b96e1ab97ce403110664 -> 
  custom:video-decoder-webm-vp8: 9c59270c3fd7afecdb556c50c9e8de78 -> 
  custom:audio-decoder-ogg-vorbis: bf7c407c2cedff20999df2af8eb42d56 -> 
  custom:audio-encoder-webm-vorbis: bf7c407c2cedff20999df2af8eb42d56 -> 
AssetImportWorkerClient::OnTransportError - code=2 error=End of file
