Using pre-set license
Built from '2020.3/staging' branch; Version is '2020.3.16f1 (049d6eca3c44) revision 302446'; Using compiler version '192528614'; Build Type 'Release'
OS: 'Windows 10 Home; OS build 19044.1348; Version 2009; 64bit' Language: 'en' Physical Memory: 16253 MB
BatchMode: 1, IsHumanControllingUs: 0, StartBugReporterOnCrash: 0, Is64bit: 1, IsPro: 0

 COMMAND LINE ARGUMENTS:
C:\Program Files\Unity\Editor\Unity.exe
-adb2
-batchMode
-noUpm
-name
AssetImportWorker0
-projectPath
C:/Users/elpde/Desktop/RubyFinal
-logFile
Logs/AssetImportWorker0.log
-srvPort
59044
Successfully changed project path to: C:/Users/elpde/Desktop/RubyFinal
C:/Users/elpde/Desktop/RubyFinal
Using Asset Import Pipeline V2.
Refreshing native plugins compatible for Editor in 24.87 ms, found 2 plugins.
Preloading 0 native plugins for Editor in 0.00 ms.
Initialize engine version: 2020.3.16f1 (049d6eca3c44)
[Subsystems] Discovering subsystems at path C:/Program Files/Unity/Editor/Data/Resources/UnitySubsystems
[Subsystems] Discovering subsystems at path C:/Users/elpde/Desktop/RubyFinal/Assets
GfxDevice: creating device client; threaded=0
Direct3D:
    Version:  Direct3D 11.0 [level 11.1]
    Renderer: NVIDIA GeForce RTX 3060 (ID=0x2504)
    Vendor:   
    VRAM:     12143 MB
    Driver:   30.0.14.7168
Initialize mono
Mono path[0] = 'C:/Program Files/Unity/Editor/Data/Managed'
Mono path[1] = 'C:/Program Files/Unity/Editor/Data/MonoBleedingEdge/lib/mono/unityjit'
Mono config path = 'C:/Program Files/Unity/Editor/Data/MonoBleedingEdge/etc'
Using monoOptions --debugger-agent=transport=dt_socket,embedding=1,server=y,suspend=n,address=127.0.0.1:56348
Begin MonoManager ReloadAssembly
Registering precompiled unity dll's ...
Register platform support module: C:/Program Files/Unity/Editor/Data/PlaybackEngines/WindowsStandaloneSupport/UnityEditor.WindowsStandalone.Extensions.dll
Registered in 0.001190 seconds.
Native extension for WindowsStandalone target not found
Refreshing native plugins compatible for Editor in 24.21 ms, found 2 plugins.
Preloading 0 native plugins for Editor in 0.00 ms.
Mono: successfully reloaded assembly
- Completed reload, in  0.644 seconds
Domain Reload Profiling:
	ReloadAssembly (644ms)
		BeginReloadAssembly (35ms)
			ExecutionOrderSort (0ms)
			DisableScriptedObjects (0ms)
			BackupInstance (0ms)
			ReleaseScriptingObjects (0ms)
			CreateAndSetChildDomain (1ms)
		EndReloadAssembly (280ms)
			LoadAssemblies (34ms)
			RebuildTransferFunctionScriptingTraits (0ms)
			SetupTypeCache (99ms)
			ReleaseScriptCaches (0ms)
			RebuildScriptCaches (20ms)
			SetupLoadedEditorAssemblies (111ms)
				LogAssemblyErrors (0ms)
				InitializePlatformSupportModulesInManaged (3ms)
				SetLoadedEditorAssemblies (0ms)
				RefreshPlugins (24ms)
				BeforeProcessingInitializeOnLoad (6ms)
				ProcessInitializeOnLoadAttributes (55ms)
				ProcessInitializeOnLoadMethodAttributes (23ms)
				AfterProcessingInitializeOnLoad (0ms)
				EditorAssembliesLoaded (0ms)
			ExecutionOrderSort2 (0ms)
			AwakeInstancesAfterBackupRestoration (0ms)
Platform modules already initialized, skipping
Registering precompiled user dll's ...
Registered in 0.002714 seconds.
Begin MonoManager ReloadAssembly
Native extension for WindowsStandalone target not found
Refreshing native plugins compatible for Editor in 0.28 ms, found 2 plugins.
Preloading 0 native plugins for Editor in 0.00 ms.
Mono: successfully reloaded assembly
- Completed reload, in  0.743 seconds
Domain Reload Profiling:
	ReloadAssembly (744ms)
		BeginReloadAssembly (92ms)
			ExecutionOrderSort (0ms)
			DisableScriptedObjects (3ms)
			BackupInstance (0ms)
			ReleaseScriptingObjects (0ms)
			CreateAndSetChildDomain (13ms)
		EndReloadAssembly (607ms)
			LoadAssemblies (56ms)
			RebuildTransferFunctionScriptingTraits (0ms)
			SetupTypeCache (184ms)
			ReleaseScriptCaches (0ms)
			RebuildScriptCaches (31ms)
			SetupLoadedEditorAssemblies (272ms)
				LogAssemblyErrors (0ms)
				InitializePlatformSupportModulesInManaged (3ms)
				SetLoadedEditorAssemblies (0ms)
				RefreshPlugins (0ms)
				BeforeProcessingInitializeOnLoad (39ms)
				ProcessInitializeOnLoadAttributes (214ms)
				ProcessInitializeOnLoadMethodAttributes (9ms)
				AfterProcessingInitializeOnLoad (5ms)
				EditorAssembliesLoaded (0ms)
			ExecutionOrderSort2 (0ms)
			AwakeInstancesAfterBackupRestoration (5ms)
Platform modules already initialized, skipping
========================================================================
Worker process is ready to serve import requests
Launched and connected shader compiler UnityShaderCompiler.exe after 0.04 seconds
Refreshing native plugins compatible for Editor in 0.31 ms, found 2 plugins.
Preloading 0 native plugins for Editor in 0.00 ms.
Unloading 1642 Unused Serialized files (Serialized files now loaded: 0)
System memory in use before: 75.8 MB.
System memory in use after: 75.9 MB.

Unloading 23 unused Assets to reduce memory usage. Loaded Objects now: 2080.
Total: 2.203300 ms (FindLiveObjects: 0.119300 ms CreateObjectMapping: 0.035900 ms MarkObjects: 1.987700 ms  DeleteObjects: 0.059500 ms)

AssetImportParameters requested are different than current active one (requested -> active):
  custom:framework-win-MediaFoundation: 216162199b28c13a410421893ffa2e32 -> 
  custom:video-decoder-ogg-theora: a1e56fd34408186e4bbccfd4996cb3dc -> 
  custom:container-muxer-webm: aa71ff27fc2769a1b78a27578f13a17b -> 
  custom:container-demuxer-webm: 4f35f7cbe854078d1ac9338744f61a02 -> 
  custom:container-demuxer-ogg: 62fdf1f143b41e24485cea50d1cbac27 -> 
  custom:video-encoder-webm-vp8: eb34c28f22e8b96e1ab97ce403110664 -> 
  custom:video-decoder-webm-vp8: 9c59270c3fd7afecdb556c50c9e8de78 -> 
  custom:audio-decoder-ogg-vorbis: bf7c407c2cedff20999df2af8eb42d56 -> 
  custom:audio-encoder-webm-vorbis: bf7c407c2cedff20999df2af8eb42d56 -> 
========================================================================
Received Import Request.
  path: Assets/Prefabs/CollectibleHealth.prefab
  artifactKey: Guid(db90f0e65960a104dbd689c2af10c397) Importer(815301076,1909f56bfc062723c751e8b465ee728b)
Start importing Assets/Prefabs/CollectibleHealth.prefab using Guid(db90f0e65960a104dbd689c2af10c397) Importer(815301076,1909f56bfc062723c751e8b465ee728b)  -> (artifact id: 'ef48472856980113d35bcec2643b6e7c') in 0.088430 seconds 
  Import took 0.090777 seconds .

========================================================================
Received Import Request.
  Time since last request: 0.000183 seconds.
  path: Assets/Prefabs/Ruby.prefab
  artifactKey: Guid(07024c3552a31014495f2002bee9271c) Importer(815301076,1909f56bfc062723c751e8b465ee728b)
Start importing Assets/Prefabs/Ruby.prefab using Guid(07024c3552a31014495f2002bee9271c) Importer(815301076,1909f56bfc062723c751e8b465ee728b)  -> (artifact id: '497ba05b3998d11bfc2b897e36e6c424') in 0.016056 seconds 
  Import took 0.019226 seconds .

========================================================================
Received Import Request.
  Time since last request: 0.000188 seconds.
  path: Assets/Prefabs/PickupParticles.prefab
  artifactKey: Guid(2b2d30f96d024dd4086c886b943a6034) Importer(815301076,1909f56bfc062723c751e8b465ee728b)
Start importing Assets/Prefabs/PickupParticles.prefab using Guid(2b2d30f96d024dd4086c886b943a6034) Importer(815301076,1909f56bfc062723c751e8b465ee728b)  -> (artifact id: 'faa91977428e9558ccfd805b6445d567') in 0.010516 seconds 
  Import took 0.012965 seconds .

========================================================================
Received Import Request.
  Time since last request: 15.260892 seconds.
  path: Assets/Prefabs/CollectibleHealth.prefab
  artifactKey: Guid(db90f0e65960a104dbd689c2af10c397) Importer(815301076,1909f56bfc062723c751e8b465ee728b)
Start importing Assets/Prefabs/CollectibleHealth.prefab using Guid(db90f0e65960a104dbd689c2af10c397) Importer(815301076,1909f56bfc062723c751e8b465ee728b)  -> (artifact id: '0764a7920940eadd67c5a9077c892d70') in 0.014650 seconds 
  Import took 0.017419 seconds .

========================================================================
Received Import Request.
  Time since last request: 0.000222 seconds.
  path: Assets/Prefabs/Ruby.prefab
  artifactKey: Guid(07024c3552a31014495f2002bee9271c) Importer(815301076,1909f56bfc062723c751e8b465ee728b)
Start importing Assets/Prefabs/Ruby.prefab using Guid(07024c3552a31014495f2002bee9271c) Importer(815301076,1909f56bfc062723c751e8b465ee728b)  -> (artifact id: '16063037765e42d02d38257dae04b675') in 0.022872 seconds 
  Import took 0.025649 seconds .

========================================================================
Received Import Request.
  Time since last request: 0.000192 seconds.
  path: Assets/Prefabs/PickupParticles.prefab
  artifactKey: Guid(2b2d30f96d024dd4086c886b943a6034) Importer(815301076,1909f56bfc062723c751e8b465ee728b)
Start importing Assets/Prefabs/PickupParticles.prefab using Guid(2b2d30f96d024dd4086c886b943a6034) Importer(815301076,1909f56bfc062723c751e8b465ee728b)  -> (artifact id: '914eb9da1993a7f9935b14751014ba0b') in 0.047736 seconds 
  Import took 0.050142 seconds .

========================================================================
Received Import Request.
  Time since last request: 3.570849 seconds.
  path: Assets/Prefabs/CollectibleHealth.prefab
  artifactKey: Guid(db90f0e65960a104dbd689c2af10c397) Importer(815301076,1909f56bfc062723c751e8b465ee728b)
Start importing Assets/Prefabs/CollectibleHealth.prefab using Guid(db90f0e65960a104dbd689c2af10c397) Importer(815301076,1909f56bfc062723c751e8b465ee728b)  -> (artifact id: '2b01c18d7c3e2fcf08cca5abbd968755') in 0.013928 seconds 
  Import took 0.016491 seconds .

========================================================================
Received Import Request.
  Time since last request: 0.000138 seconds.
  path: Assets/Prefabs/Ruby.prefab
  artifactKey: Guid(07024c3552a31014495f2002bee9271c) Importer(815301076,1909f56bfc062723c751e8b465ee728b)
Start importing Assets/Prefabs/Ruby.prefab using Guid(07024c3552a31014495f2002bee9271c) Importer(815301076,1909f56bfc062723c751e8b465ee728b)  -> (artifact id: '30d7b392ddd409edb72797eabb2ad705') in 0.023584 seconds 
  Import took 0.026321 seconds .

========================================================================
Received Import Request.
  Time since last request: 0.000197 seconds.
  path: Assets/Prefabs/PickupParticles.prefab
  artifactKey: Guid(2b2d30f96d024dd4086c886b943a6034) Importer(815301076,1909f56bfc062723c751e8b465ee728b)
Start importing Assets/Prefabs/PickupParticles.prefab using Guid(2b2d30f96d024dd4086c886b943a6034) Importer(815301076,1909f56bfc062723c751e8b465ee728b)  -> (artifact id: '7f2e51f86ea78f030c1b712df42d7f53') in 0.007561 seconds 
  Import took 0.010355 seconds .

========================================================================
Received Import Request.
  Time since last request: 5.186562 seconds.
  path: Assets/Prefabs/CollectibleHealth.prefab
  artifactKey: Guid(db90f0e65960a104dbd689c2af10c397) Importer(815301076,1909f56bfc062723c751e8b465ee728b)
Start importing Assets/Prefabs/CollectibleHealth.prefab using Guid(db90f0e65960a104dbd689c2af10c397) Importer(815301076,1909f56bfc062723c751e8b465ee728b)  -> (artifact id: 'e10e9ccfa857b9332d5182491209a618') in 0.011301 seconds 
  Import took 0.013619 seconds .

========================================================================
Received Import Request.
  Time since last request: 0.000258 seconds.
  path: Assets/Prefabs/Ruby.prefab
  artifactKey: Guid(07024c3552a31014495f2002bee9271c) Importer(815301076,1909f56bfc062723c751e8b465ee728b)
Start importing Assets/Prefabs/Ruby.prefab using Guid(07024c3552a31014495f2002bee9271c) Importer(815301076,1909f56bfc062723c751e8b465ee728b)  -> (artifact id: '80e4ba74097f84e1cadf0b5b318d2958') in 0.013339 seconds 
  Import took 0.015928 seconds .

========================================================================
Received Import Request.
  Time since last request: 0.000172 seconds.
  path: Assets/Prefabs/PickupParticles.prefab
  artifactKey: Guid(2b2d30f96d024dd4086c886b943a6034) Importer(815301076,1909f56bfc062723c751e8b465ee728b)
Start importing Assets/Prefabs/PickupParticles.prefab using Guid(2b2d30f96d024dd4086c886b943a6034) Importer(815301076,1909f56bfc062723c751e8b465ee728b)  -> (artifact id: '899c70c7cd41dea5fed9dc378083065a') in 0.007191 seconds 
  Import took 0.009445 seconds .

========================================================================
Received Import Request.
  Time since last request: 1.980179 seconds.
  path: Assets/Prefabs/PickupParticles.prefab
  artifactKey: Guid(2b2d30f96d024dd4086c886b943a6034) Importer(815301076,1909f56bfc062723c751e8b465ee728b)
Start importing Assets/Prefabs/PickupParticles.prefab using Guid(2b2d30f96d024dd4086c886b943a6034) Importer(815301076,1909f56bfc062723c751e8b465ee728b)  -> (artifact id: '2876f8ea696ec62d282bf337b36644a1') in 0.008041 seconds 
  Import took 0.010784 seconds .

========================================================================
Received Import Request.
  Time since last request: 0.012465 seconds.
  path: Assets/Prefabs/CollectibleHealth.prefab
  artifactKey: Guid(db90f0e65960a104dbd689c2af10c397) Importer(815301076,1909f56bfc062723c751e8b465ee728b)
Start importing Assets/Prefabs/CollectibleHealth.prefab using Guid(db90f0e65960a104dbd689c2af10c397) Importer(815301076,1909f56bfc062723c751e8b465ee728b)  -> (artifact id: '0f360acd37b58beff22d57e9a39dbcba') in 0.014601 seconds 
  Import took 0.017088 seconds .

========================================================================
Received Import Request.
  Time since last request: 0.000148 seconds.
  path: Assets/Prefabs/Ruby.prefab
  artifactKey: Guid(07024c3552a31014495f2002bee9271c) Importer(815301076,1909f56bfc062723c751e8b465ee728b)
Start importing Assets/Prefabs/Ruby.prefab using Guid(07024c3552a31014495f2002bee9271c) Importer(815301076,1909f56bfc062723c751e8b465ee728b)  -> (artifact id: '8625b327ef6bc39ebe37a5cfba2854ac') in 0.033099 seconds 
  Import took 0.035985 seconds .

========================================================================
Received Import Request.
  Time since last request: 8.214715 seconds.
  path: Assets/Prefabs/CollectibleHealth.prefab
  artifactKey: Guid(db90f0e65960a104dbd689c2af10c397) Importer(815301076,1909f56bfc062723c751e8b465ee728b)
Start importing Assets/Prefabs/CollectibleHealth.prefab using Guid(db90f0e65960a104dbd689c2af10c397) Importer(815301076,1909f56bfc062723c751e8b465ee728b)  -> (artifact id: 'e10dd5bac84740a46b9391fa45eec709') in 0.014134 seconds 
  Import took 0.016429 seconds .

========================================================================
Received Import Request.
  Time since last request: 0.000171 seconds.
  path: Assets/Prefabs/Ruby.prefab
  artifactKey: Guid(07024c3552a31014495f2002bee9271c) Importer(815301076,1909f56bfc062723c751e8b465ee728b)
Start importing Assets/Prefabs/Ruby.prefab using Guid(07024c3552a31014495f2002bee9271c) Importer(815301076,1909f56bfc062723c751e8b465ee728b)  -> (artifact id: '96fb28de7416a3716f3ff11ac9690260') in 0.023004 seconds 
  Import took 0.026117 seconds .

========================================================================
Received Import Request.
  Time since last request: 0.000288 seconds.
  path: Assets/Prefabs/PickupParticles.prefab
  artifactKey: Guid(2b2d30f96d024dd4086c886b943a6034) Importer(815301076,1909f56bfc062723c751e8b465ee728b)
Start importing Assets/Prefabs/PickupParticles.prefab using Guid(2b2d30f96d024dd4086c886b943a6034) Importer(815301076,1909f56bfc062723c751e8b465ee728b)  -> (artifact id: '87f31859bc4172e5f0f4ed07ec23eaeb') in 0.007226 seconds 
  Import took 0.009569 seconds .

========================================================================
Received Import Request.
  Time since last request: 6.825560 seconds.
  path: Assets/Prefabs/CollectibleHealth.prefab
  artifactKey: Guid(db90f0e65960a104dbd689c2af10c397) Importer(815301076,1909f56bfc062723c751e8b465ee728b)
Start importing Assets/Prefabs/CollectibleHealth.prefab using Guid(db90f0e65960a104dbd689c2af10c397) Importer(815301076,1909f56bfc062723c751e8b465ee728b)  -> (artifact id: '8359b886b12c54eb7c2342216bf1945e') in 0.016626 seconds 
  Import took 0.019083 seconds .

========================================================================
Received Import Request.
  Time since last request: 0.000173 seconds.
  path: Assets/Prefabs/Ruby.prefab
  artifactKey: Guid(07024c3552a31014495f2002bee9271c) Importer(815301076,1909f56bfc062723c751e8b465ee728b)
Start importing Assets/Prefabs/Ruby.prefab using Guid(07024c3552a31014495f2002bee9271c) Importer(815301076,1909f56bfc062723c751e8b465ee728b)  -> (artifact id: '1acda0752615726b8245bf28c2065b61') in 0.020183 seconds 
  Import took 0.022823 seconds .

========================================================================
Received Import Request.
  Time since last request: 0.000217 seconds.
  path: Assets/Prefabs/PickupParticles.prefab
  artifactKey: Guid(2b2d30f96d024dd4086c886b943a6034) Importer(815301076,1909f56bfc062723c751e8b465ee728b)
Start importing Assets/Prefabs/PickupParticles.prefab using Guid(2b2d30f96d024dd4086c886b943a6034) Importer(815301076,1909f56bfc062723c751e8b465ee728b)  -> (artifact id: '4bfbe30485093f9254a21ef19670bae9') in 0.006077 seconds 
  Import took 0.008526 seconds .

========================================================================
Received Import Request.
  Time since last request: 0.008841 seconds.
  path: Assets/Prefabs/PickupParticles.prefab
  artifactKey: Guid(2b2d30f96d024dd4086c886b943a6034) Importer(815301076,1909f56bfc062723c751e8b465ee728b)
Start importing Assets/Prefabs/PickupParticles.prefab using Guid(2b2d30f96d024dd4086c886b943a6034) Importer(815301076,1909f56bfc062723c751e8b465ee728b)  -> (artifact id: '4bfbe30485093f9254a21ef19670bae9') in 0.005987 seconds 
  Import took 0.008417 seconds .

========================================================================
Received Import Request.
  Time since last request: 0.130382 seconds.
  path: Assets/Prefabs/CollectibleHealth.prefab
  artifactKey: Guid(db90f0e65960a104dbd689c2af10c397) Importer(815301076,1909f56bfc062723c751e8b465ee728b)
Start importing Assets/Prefabs/CollectibleHealth.prefab using Guid(db90f0e65960a104dbd689c2af10c397) Importer(815301076,1909f56bfc062723c751e8b465ee728b)  -> (artifact id: '06348010d34935de04a6f0f644e095d5') in 0.007495 seconds 
  Import took 0.010211 seconds .

========================================================================
Received Import Request.
  Time since last request: 0.000167 seconds.
  path: Assets/Prefabs/Ruby.prefab
  artifactKey: Guid(07024c3552a31014495f2002bee9271c) Importer(815301076,1909f56bfc062723c751e8b465ee728b)
Start importing Assets/Prefabs/Ruby.prefab using Guid(07024c3552a31014495f2002bee9271c) Importer(815301076,1909f56bfc062723c751e8b465ee728b)  -> (artifact id: '6c2961f9edfa55a4b64946a32cffc304') in 0.012379 seconds 
  Import took 0.015174 seconds .

========================================================================
Received Import Request.
  Time since last request: 0.000171 seconds.
  path: Assets/Prefabs/PickupParticles.prefab
  artifactKey: Guid(2b2d30f96d024dd4086c886b943a6034) Importer(815301076,1909f56bfc062723c751e8b465ee728b)
Start importing Assets/Prefabs/PickupParticles.prefab using Guid(2b2d30f96d024dd4086c886b943a6034) Importer(815301076,1909f56bfc062723c751e8b465ee728b)  -> (artifact id: '7802d5f6d43dc2c176e7057b3dbc18ff') in 0.006075 seconds 
  Import took 0.008526 seconds .

========================================================================
Received Import Request.
  Time since last request: 18.719489 seconds.
  path: Assets/Prefabs/PickupParticles.prefab
  artifactKey: Guid(2b2d30f96d024dd4086c886b943a6034) Importer(815301076,1909f56bfc062723c751e8b465ee728b)
Start importing Assets/Prefabs/PickupParticles.prefab using Guid(2b2d30f96d024dd4086c886b943a6034) Importer(815301076,1909f56bfc062723c751e8b465ee728b)  -> (artifact id: '8a8ad7629f4bbd02c3e4eada741b5ad4') in 0.009139 seconds 
  Import took 0.011662 seconds .

========================================================================
Received Import Request.
  Time since last request: 0.006880 seconds.
  path: Assets/Prefabs/CollectibleHealth.prefab
  artifactKey: Guid(db90f0e65960a104dbd689c2af10c397) Importer(815301076,1909f56bfc062723c751e8b465ee728b)
Start importing Assets/Prefabs/CollectibleHealth.prefab using Guid(db90f0e65960a104dbd689c2af10c397) Importer(815301076,1909f56bfc062723c751e8b465ee728b)  -> (artifact id: 'c8d7029d6ef232a22790be3732324e12') in 0.014425 seconds 
  Import took 0.017190 seconds .

========================================================================
Received Import Request.
  Time since last request: 0.000176 seconds.
  path: Assets/Prefabs/Ruby.prefab
  artifactKey: Guid(07024c3552a31014495f2002bee9271c) Importer(815301076,1909f56bfc062723c751e8b465ee728b)
Start importing Assets/Prefabs/Ruby.prefab using Guid(07024c3552a31014495f2002bee9271c) Importer(815301076,1909f56bfc062723c751e8b465ee728b)  -> (artifact id: 'fd7c67d341d78c24d97164b55a11c444') in 0.012620 seconds 
  Import took 0.015596 seconds .

========================================================================
Received Import Request.
  Time since last request: 10.524981 seconds.
  path: Assets/Prefabs/CollectibleHealth.prefab
  artifactKey: Guid(db90f0e65960a104dbd689c2af10c397) Importer(815301076,1909f56bfc062723c751e8b465ee728b)
Start importing Assets/Prefabs/CollectibleHealth.prefab using Guid(db90f0e65960a104dbd689c2af10c397) Importer(815301076,1909f56bfc062723c751e8b465ee728b)  -> (artifact id: '6c27b3858200d744de548a333dbb065d') in 0.036236 seconds 
  Import took 0.038855 seconds .

========================================================================
Received Import Request.
  Time since last request: 0.000135 seconds.
  path: Assets/Prefabs/Ruby.prefab
  artifactKey: Guid(07024c3552a31014495f2002bee9271c) Importer(815301076,1909f56bfc062723c751e8b465ee728b)
Start importing Assets/Prefabs/Ruby.prefab using Guid(07024c3552a31014495f2002bee9271c) Importer(815301076,1909f56bfc062723c751e8b465ee728b)  -> (artifact id: '0c9da0c1c6519c9370db81e7507e0f7a') in 0.013109 seconds 
  Import took 0.015716 seconds .

========================================================================
Received Import Request.
  Time since last request: 0.000180 seconds.
  path: Assets/Prefabs/PickupParticles.prefab
  artifactKey: Guid(2b2d30f96d024dd4086c886b943a6034) Importer(815301076,1909f56bfc062723c751e8b465ee728b)
Start importing Assets/Prefabs/PickupParticles.prefab using Guid(2b2d30f96d024dd4086c886b943a6034) Importer(815301076,1909f56bfc062723c751e8b465ee728b)  -> (artifact id: '4ed0d1ed9042b818205119c92b49d4a1') in 0.006919 seconds 
  Import took 0.009324 seconds .

========================================================================
Received Import Request.
  Time since last request: 7.695010 seconds.
  path: Assets/Prefabs/CollectibleHealth.prefab
  artifactKey: Guid(db90f0e65960a104dbd689c2af10c397) Importer(815301076,1909f56bfc062723c751e8b465ee728b)
Start importing Assets/Prefabs/CollectibleHealth.prefab using Guid(db90f0e65960a104dbd689c2af10c397) Importer(815301076,1909f56bfc062723c751e8b465ee728b)  -> (artifact id: 'b783045cecf64c0739631ab1cc0f9c22') in 0.027395 seconds 
  Import took 0.029822 seconds .

========================================================================
Received Import Request.
  Time since last request: 0.000306 seconds.
  path: Assets/Prefabs/Ruby.prefab
  artifactKey: Guid(07024c3552a31014495f2002bee9271c) Importer(815301076,1909f56bfc062723c751e8b465ee728b)
Start importing Assets/Prefabs/Ruby.prefab using Guid(07024c3552a31014495f2002bee9271c) Importer(815301076,1909f56bfc062723c751e8b465ee728b)  -> (artifact id: '24c831116a683cc1077369e6d5270a84') in 0.016437 seconds 
  Import took 0.019204 seconds .

========================================================================
Received Import Request.
  Time since last request: 0.000178 seconds.
  path: Assets/Prefabs/PickupParticles.prefab
  artifactKey: Guid(2b2d30f96d024dd4086c886b943a6034) Importer(815301076,1909f56bfc062723c751e8b465ee728b)
Start importing Assets/Prefabs/PickupParticles.prefab using Guid(2b2d30f96d024dd4086c886b943a6034) Importer(815301076,1909f56bfc062723c751e8b465ee728b)  -> (artifact id: '8361361dfb36ee3d94e5efd61c8ea004') in 0.006453 seconds 
  Import took 0.009036 seconds .

========================================================================
Received Import Request.
  Time since last request: 18.395974 seconds.
  path: Assets/Prefabs/CollectibleHealth.prefab
  artifactKey: Guid(db90f0e65960a104dbd689c2af10c397) Importer(815301076,1909f56bfc062723c751e8b465ee728b)
Start importing Assets/Prefabs/CollectibleHealth.prefab using Guid(db90f0e65960a104dbd689c2af10c397) Importer(815301076,1909f56bfc062723c751e8b465ee728b)  -> (artifact id: '7c080cf0b6b2836ea1099aa83c07bd4a') in 0.023684 seconds 
  Import took 0.026186 seconds .

========================================================================
Received Import Request.
  Time since last request: 0.000156 seconds.
  path: Assets/Prefabs/Ruby.prefab
  artifactKey: Guid(07024c3552a31014495f2002bee9271c) Importer(815301076,1909f56bfc062723c751e8b465ee728b)
Start importing Assets/Prefabs/Ruby.prefab using Guid(07024c3552a31014495f2002bee9271c) Importer(815301076,1909f56bfc062723c751e8b465ee728b)  -> (artifact id: '6b8832ddda3e156ab410697228dba718') in 0.031368 seconds 
  Import took 0.033788 seconds .

========================================================================
Received Import Request.
  Time since last request: 0.000200 seconds.
  path: Assets/Prefabs/PickupParticles.prefab
  artifactKey: Guid(2b2d30f96d024dd4086c886b943a6034) Importer(815301076,1909f56bfc062723c751e8b465ee728b)
Start importing Assets/Prefabs/PickupParticles.prefab using Guid(2b2d30f96d024dd4086c886b943a6034) Importer(815301076,1909f56bfc062723c751e8b465ee728b)  -> (artifact id: '0c1cbce72e385a666f0c4eb9a123476e') in 0.030003 seconds 
  Import took 0.032010 seconds .

========================================================================
Received Prepare
Registering precompiled user dll's ...
Registered in 0.002412 seconds.
Begin MonoManager ReloadAssembly
Native extension for WindowsStandalone target not found
Refreshing native plugins compatible for Editor in 0.30 ms, found 2 plugins.
Preloading 0 native plugins for Editor in 0.00 ms.
Mono: successfully reloaded assembly
- Completed reload, in  0.700 seconds
Domain Reload Profiling:
	ReloadAssembly (700ms)
		BeginReloadAssembly (90ms)
			ExecutionOrderSort (0ms)
			DisableScriptedObjects (4ms)
			BackupInstance (0ms)
			ReleaseScriptingObjects (0ms)
			CreateAndSetChildDomain (26ms)
		EndReloadAssembly (568ms)
			LoadAssemblies (54ms)
			RebuildTransferFunctionScriptingTraits (0ms)
			SetupTypeCache (178ms)
			ReleaseScriptCaches (1ms)
			RebuildScriptCaches (27ms)
			SetupLoadedEditorAssemblies (243ms)
				LogAssemblyErrors (0ms)
				InitializePlatformSupportModulesInManaged (3ms)
				SetLoadedEditorAssemblies (0ms)
				RefreshPlugins (0ms)
				BeforeProcessingInitializeOnLoad (35ms)
				ProcessInitializeOnLoadAttributes (195ms)
				ProcessInitializeOnLoadMethodAttributes (5ms)
				AfterProcessingInitializeOnLoad (4ms)
				EditorAssembliesLoaded (0ms)
			ExecutionOrderSort2 (0ms)
			AwakeInstancesAfterBackupRestoration (5ms)
Platform modules already initialized, skipping
Refreshing native plugins compatible for Editor in 0.34 ms, found 2 plugins.
Preloading 0 native plugins for Editor in 0.00 ms.
Unloading 1621 Unused Serialized files (Serialized files now loaded: 0)
System memory in use before: 77.5 MB.
System memory in use after: 77.6 MB.

Unloading 16 unused Assets to reduce memory usage. Loaded Objects now: 2089.
Total: 2.141500 ms (FindLiveObjects: 0.135100 ms CreateObjectMapping: 0.040900 ms MarkObjects: 1.917800 ms  DeleteObjects: 0.046000 ms)

AssetImportParameters requested are different than current active one (requested -> active):
  custom:framework-win-MediaFoundation: 216162199b28c13a410421893ffa2e32 -> 
  custom:video-decoder-ogg-theora: a1e56fd34408186e4bbccfd4996cb3dc -> 
  custom:container-muxer-webm: aa71ff27fc2769a1b78a27578f13a17b -> 
  custom:container-demuxer-webm: 4f35f7cbe854078d1ac9338744f61a02 -> 
  custom:container-demuxer-ogg: 62fdf1f143b41e24485cea50d1cbac27 -> 
  custom:video-encoder-webm-vp8: eb34c28f22e8b96e1ab97ce403110664 -> 
  custom:video-decoder-webm-vp8: 9c59270c3fd7afecdb556c50c9e8de78 -> 
  custom:audio-decoder-ogg-vorbis: bf7c407c2cedff20999df2af8eb42d56 -> 
  custom:audio-encoder-webm-vorbis: bf7c407c2cedff20999df2af8eb42d56 -> 
========================================================================
Received Prepare
Registering precompiled user dll's ...
Registered in 0.002602 seconds.
Begin MonoManager ReloadAssembly
Native extension for WindowsStandalone target not found
Refreshing native plugins compatible for Editor in 0.30 ms, found 2 plugins.
Preloading 0 native plugins for Editor in 0.00 ms.
Mono: successfully reloaded assembly
- Completed reload, in  0.700 seconds
Domain Reload Profiling:
	ReloadAssembly (700ms)
		BeginReloadAssembly (80ms)
			ExecutionOrderSort (0ms)
			DisableScriptedObjects (4ms)
			BackupInstance (0ms)
			ReleaseScriptingObjects (0ms)
			CreateAndSetChildDomain (22ms)
		EndReloadAssembly (579ms)
			LoadAssemblies (55ms)
			RebuildTransferFunctionScriptingTraits (0ms)
			SetupTypeCache (182ms)
			ReleaseScriptCaches (1ms)
			RebuildScriptCaches (26ms)
			SetupLoadedEditorAssemblies (245ms)
				LogAssemblyErrors (0ms)
				InitializePlatformSupportModulesInManaged (4ms)
				SetLoadedEditorAssemblies (0ms)
				RefreshPlugins (0ms)
				BeforeProcessingInitializeOnLoad (34ms)
				ProcessInitializeOnLoadAttributes (197ms)
				ProcessInitializeOnLoadMethodAttributes (5ms)
				AfterProcessingInitializeOnLoad (4ms)
				EditorAssembliesLoaded (0ms)
			ExecutionOrderSort2 (0ms)
			AwakeInstancesAfterBackupRestoration (5ms)
Platform modules already initialized, skipping
Refreshing native plugins compatible for Editor in 0.30 ms, found 2 plugins.
Preloading 0 native plugins for Editor in 0.00 ms.
Unloading 1621 Unused Serialized files (Serialized files now loaded: 0)
System memory in use before: 77.6 MB.
System memory in use after: 77.7 MB.

Unloading 14 unused Assets to reduce memory usage. Loaded Objects now: 2091.
Total: 1.906300 ms (FindLiveObjects: 0.112500 ms CreateObjectMapping: 0.034800 ms MarkObjects: 1.745400 ms  DeleteObjects: 0.012300 ms)

AssetImportParameters requested are different than current active one (requested -> active):
  custom:framework-win-MediaFoundation: 216162199b28c13a410421893ffa2e32 -> 
  custom:video-decoder-ogg-theora: a1e56fd34408186e4bbccfd4996cb3dc -> 
  custom:container-muxer-webm: aa71ff27fc2769a1b78a27578f13a17b -> 
  custom:container-demuxer-webm: 4f35f7cbe854078d1ac9338744f61a02 -> 
  custom:container-demuxer-ogg: 62fdf1f143b41e24485cea50d1cbac27 -> 
  custom:video-encoder-webm-vp8: eb34c28f22e8b96e1ab97ce403110664 -> 
  custom:video-decoder-webm-vp8: 9c59270c3fd7afecdb556c50c9e8de78 -> 
  custom:audio-decoder-ogg-vorbis: bf7c407c2cedff20999df2af8eb42d56 -> 
  custom:audio-encoder-webm-vorbis: bf7c407c2cedff20999df2af8eb42d56 -> 
========================================================================
Received Import Request.
  Time since last request: 55.709256 seconds.
  path: Assets/Prefabs/CollectibleHealth.prefab
  artifactKey: Guid(db90f0e65960a104dbd689c2af10c397) Importer(815301076,1909f56bfc062723c751e8b465ee728b)
Start importing Assets/Prefabs/CollectibleHealth.prefab using Guid(db90f0e65960a104dbd689c2af10c397) Importer(815301076,1909f56bfc062723c751e8b465ee728b)  -> (artifact id: 'b96e2f35a5d93e0657f7d06ce4d2cae3') in 0.041679 seconds 
  Import took 0.044560 seconds .

========================================================================
Received Import Request.
  Time since last request: 0.000296 seconds.
  path: Assets/Prefabs/Ruby.prefab
  artifactKey: Guid(07024c3552a31014495f2002bee9271c) Importer(815301076,1909f56bfc062723c751e8b465ee728b)
Start importing Assets/Prefabs/Ruby.prefab using Guid(07024c3552a31014495f2002bee9271c) Importer(815301076,1909f56bfc062723c751e8b465ee728b)  -> (artifact id: '899cd3ba7479f3c88c68419413212b82') in 0.015259 seconds 
  Import took 0.017898 seconds .

========================================================================
Received Import Request.
  Time since last request: 0.000212 seconds.
  path: Assets/Prefabs/PickupParticles.prefab
  artifactKey: Guid(2b2d30f96d024dd4086c886b943a6034) Importer(815301076,1909f56bfc062723c751e8b465ee728b)
Start importing Assets/Prefabs/PickupParticles.prefab using Guid(2b2d30f96d024dd4086c886b943a6034) Importer(815301076,1909f56bfc062723c751e8b465ee728b)  -> (artifact id: 'c6cf1d909ed0e50baa3f6f7236a851e3') in 0.008049 seconds 
  Import took 0.010401 seconds .

========================================================================
Received Prepare
Registering precompiled user dll's ...
Registered in 0.002203 seconds.
Begin MonoManager ReloadAssembly
Native extension for WindowsStandalone target not found
Refreshing native plugins compatible for Editor in 0.29 ms, found 2 plugins.
Preloading 0 native plugins for Editor in 0.00 ms.
Mono: successfully reloaded assembly
- Completed reload, in  0.781 seconds
Domain Reload Profiling:
	ReloadAssembly (781ms)
		BeginReloadAssembly (80ms)
			ExecutionOrderSort (0ms)
			DisableScriptedObjects (6ms)
			BackupInstance (0ms)
			ReleaseScriptingObjects (0ms)
			CreateAndSetChildDomain (24ms)
		EndReloadAssembly (656ms)
			LoadAssemblies (55ms)
			RebuildTransferFunctionScriptingTraits (0ms)
			SetupTypeCache (203ms)
			ReleaseScriptCaches (1ms)
			RebuildScriptCaches (26ms)
			SetupLoadedEditorAssemblies (294ms)
				LogAssemblyErrors (0ms)
				InitializePlatformSupportModulesInManaged (4ms)
				SetLoadedEditorAssemblies (0ms)
				RefreshPlugins (0ms)
				BeforeProcessingInitializeOnLoad (40ms)
				ProcessInitializeOnLoadAttributes (237ms)
				ProcessInitializeOnLoadMethodAttributes (6ms)
				AfterProcessingInitializeOnLoad (4ms)
				EditorAssembliesLoaded (0ms)
			ExecutionOrderSort2 (0ms)
			AwakeInstancesAfterBackupRestoration (6ms)
Platform modules already initialized, skipping
Refreshing native plugins compatible for Editor in 0.35 ms, found 2 plugins.
Preloading 0 native plugins for Editor in 0.00 ms.
Unloading 1621 Unused Serialized files (Serialized files now loaded: 0)
System memory in use before: 77.6 MB.
System memory in use after: 77.7 MB.

Unloading 16 unused Assets to reduce memory usage. Loaded Objects now: 2094.
Total: 2.321100 ms (FindLiveObjects: 0.166700 ms CreateObjectMapping: 0.051600 ms MarkObjects: 2.067100 ms  DeleteObjects: 0.034700 ms)

AssetImportParameters requested are different than current active one (requested -> active):
  custom:framework-win-MediaFoundation: 216162199b28c13a410421893ffa2e32 -> 
  custom:video-decoder-ogg-theora: a1e56fd34408186e4bbccfd4996cb3dc -> 
  custom:container-muxer-webm: aa71ff27fc2769a1b78a27578f13a17b -> 
  custom:container-demuxer-webm: 4f35f7cbe854078d1ac9338744f61a02 -> 
  custom:container-demuxer-ogg: 62fdf1f143b41e24485cea50d1cbac27 -> 
  custom:video-encoder-webm-vp8: eb34c28f22e8b96e1ab97ce403110664 -> 
  custom:video-decoder-webm-vp8: 9c59270c3fd7afecdb556c50c9e8de78 -> 
  custom:audio-decoder-ogg-vorbis: bf7c407c2cedff20999df2af8eb42d56 -> 
  custom:audio-encoder-webm-vorbis: bf7c407c2cedff20999df2af8eb42d56 -> 
========================================================================
Received Import Request.
  Time since last request: 3.890315 seconds.
  path: Assets/Prefabs/CollectibleHealth.prefab
  artifactKey: Guid(db90f0e65960a104dbd689c2af10c397) Importer(815301076,1909f56bfc062723c751e8b465ee728b)
Start importing Assets/Prefabs/CollectibleHealth.prefab using Guid(db90f0e65960a104dbd689c2af10c397) Importer(815301076,1909f56bfc062723c751e8b465ee728b)  -> (artifact id: '57dcc0ed8fa1939660af44cac1aa2912') in 0.047473 seconds 
  Import took 0.052184 seconds .

========================================================================
Received Import Request.
  Time since last request: 0.000257 seconds.
  path: Assets/Prefabs/Ruby.prefab
  artifactKey: Guid(07024c3552a31014495f2002bee9271c) Importer(815301076,1909f56bfc062723c751e8b465ee728b)
Start importing Assets/Prefabs/Ruby.prefab using Guid(07024c3552a31014495f2002bee9271c) Importer(815301076,1909f56bfc062723c751e8b465ee728b)  -> (artifact id: '7e15f779025a071cf70645e19df5e336') in 0.014921 seconds 
  Import took 0.017742 seconds .

========================================================================
Received Import Request.
  Time since last request: 0.000222 seconds.
  path: Assets/Prefabs/PickupParticles.prefab
  artifactKey: Guid(2b2d30f96d024dd4086c886b943a6034) Importer(815301076,1909f56bfc062723c751e8b465ee728b)
Start importing Assets/Prefabs/PickupParticles.prefab using Guid(2b2d30f96d024dd4086c886b943a6034) Importer(815301076,1909f56bfc062723c751e8b465ee728b)  -> (artifact id: '8e8472c82a535dc1ee2536777ac8c378') in 0.006665 seconds 
  Import took 0.009353 seconds .

========================================================================
Received Prepare
Registering precompiled user dll's ...
Registered in 0.002477 seconds.
Begin MonoManager ReloadAssembly
Native extension for WindowsStandalone target not found
Refreshing native plugins compatible for Editor in 0.37 ms, found 2 plugins.
Preloading 0 native plugins for Editor in 0.00 ms.
Mono: successfully reloaded assembly
- Completed reload, in  0.705 seconds
Domain Reload Profiling:
	ReloadAssembly (705ms)
		BeginReloadAssembly (77ms)
			ExecutionOrderSort (0ms)
			DisableScriptedObjects (4ms)
			BackupInstance (0ms)
			ReleaseScriptingObjects (0ms)
			CreateAndSetChildDomain (24ms)
		EndReloadAssembly (584ms)
			LoadAssemblies (55ms)
			RebuildTransferFunctionScriptingTraits (0ms)
			SetupTypeCache (185ms)
			ReleaseScriptCaches (1ms)
			RebuildScriptCaches (28ms)
			SetupLoadedEditorAssemblies (248ms)
				LogAssemblyErrors (0ms)
				InitializePlatformSupportModulesInManaged (4ms)
				SetLoadedEditorAssemblies (0ms)
				RefreshPlugins (0ms)
				BeforeProcessingInitializeOnLoad (35ms)
				ProcessInitializeOnLoadAttributes (198ms)
				ProcessInitializeOnLoadMethodAttributes (5ms)
				AfterProcessingInitializeOnLoad (4ms)
				EditorAssembliesLoaded (0ms)
			ExecutionOrderSort2 (0ms)
			AwakeInstancesAfterBackupRestoration (5ms)
Platform modules already initialized, skipping
Refreshing native plugins compatible for Editor in 0.32 ms, found 2 plugins.
Preloading 0 native plugins for Editor in 0.00 ms.
Unloading 1621 Unused Serialized files (Serialized files now loaded: 0)
System memory in use before: 77.6 MB.
System memory in use after: 77.7 MB.

Unloading 16 unused Assets to reduce memory usage. Loaded Objects now: 2097.
Total: 2.343400 ms (FindLiveObjects: 0.133900 ms CreateObjectMapping: 0.047000 ms MarkObjects: 2.104900 ms  DeleteObjects: 0.056000 ms)

AssetImportParameters requested are different than current active one (requested -> active):
  custom:framework-win-MediaFoundation: 216162199b28c13a410421893ffa2e32 -> 
  custom:video-decoder-ogg-theora: a1e56fd34408186e4bbccfd4996cb3dc -> 
  custom:container-muxer-webm: aa71ff27fc2769a1b78a27578f13a17b -> 
  custom:container-demuxer-webm: 4f35f7cbe854078d1ac9338744f61a02 -> 
  custom:container-demuxer-ogg: 62fdf1f143b41e24485cea50d1cbac27 -> 
  custom:video-encoder-webm-vp8: eb34c28f22e8b96e1ab97ce403110664 -> 
  custom:video-decoder-webm-vp8: 9c59270c3fd7afecdb556c50c9e8de78 -> 
  custom:audio-decoder-ogg-vorbis: bf7c407c2cedff20999df2af8eb42d56 -> 
  custom:audio-encoder-webm-vorbis: bf7c407c2cedff20999df2af8eb42d56 -> 
========================================================================
Received Import Request.
  Time since last request: 125.437613 seconds.
  path: Assets/Scripts/HardEnemyController.cs
  artifactKey: Guid(d16fca5a6b91c414eb857bda14ea3b34) Importer(815301076,1909f56bfc062723c751e8b465ee728b)
Start importing Assets/Scripts/HardEnemyController.cs using Guid(d16fca5a6b91c414eb857bda14ea3b34) Importer(815301076,1909f56bfc062723c751e8b465ee728b)  -> (artifact id: '9b06aa6a3bf0491a28e591a92e4c11a6') in 0.011808 seconds 
  Import took 0.014848 seconds .

========================================================================
Received Import Request.
  Time since last request: 3.851152 seconds.
  path: Assets/Scripts/EnemyController.cs
  artifactKey: Guid(1b8252d3d42ad0c49a01003337c1d43a) Importer(815301076,1909f56bfc062723c751e8b465ee728b)
Start importing Assets/Scripts/EnemyController.cs using Guid(1b8252d3d42ad0c49a01003337c1d43a) Importer(815301076,1909f56bfc062723c751e8b465ee728b)  -> (artifact id: '43602f12641d6a5f9ee2433680e3078e') in 0.005900 seconds 
  Import took 0.008185 seconds .

========================================================================
Received Prepare
Registering precompiled user dll's ...
Registered in 0.002326 seconds.
Begin MonoManager ReloadAssembly
Native extension for WindowsStandalone target not found
Refreshing native plugins compatible for Editor in 0.28 ms, found 2 plugins.
Preloading 0 native plugins for Editor in 0.00 ms.
Mono: successfully reloaded assembly
- Completed reload, in  0.726 seconds
Domain Reload Profiling:
	ReloadAssembly (727ms)
		BeginReloadAssembly (84ms)
			ExecutionOrderSort (0ms)
			DisableScriptedObjects (4ms)
			BackupInstance (0ms)
			ReleaseScriptingObjects (0ms)
			CreateAndSetChildDomain (26ms)
		EndReloadAssembly (599ms)
			LoadAssemblies (56ms)
			RebuildTransferFunctionScriptingTraits (0ms)
			SetupTypeCache (195ms)
			ReleaseScriptCaches (1ms)
			RebuildScriptCaches (26ms)
			SetupLoadedEditorAssemblies (245ms)
				LogAssemblyErrors (0ms)
				InitializePlatformSupportModulesInManaged (3ms)
				SetLoadedEditorAssemblies (0ms)
				RefreshPlugins (0ms)
				BeforeProcessingInitializeOnLoad (34ms)
				ProcessInitializeOnLoadAttributes (196ms)
				ProcessInitializeOnLoadMethodAttributes (6ms)
				AfterProcessingInitializeOnLoad (5ms)
				EditorAssembliesLoaded (0ms)
			ExecutionOrderSort2 (0ms)
			AwakeInstancesAfterBackupRestoration (7ms)
Platform modules already initialized, skipping
Refreshing native plugins compatible for Editor in 0.29 ms, found 2 plugins.
Preloading 0 native plugins for Editor in 0.00 ms.
Unloading 1621 Unused Serialized files (Serialized files now loaded: 0)
System memory in use before: 77.6 MB.
System memory in use after: 77.7 MB.

Unloading 14 unused Assets to reduce memory usage. Loaded Objects now: 2099.
Total: 2.765800 ms (FindLiveObjects: 0.112600 ms CreateObjectMapping: 0.034800 ms MarkObjects: 2.600500 ms  DeleteObjects: 0.016600 ms)

AssetImportParameters requested are different than current active one (requested -> active):
  custom:framework-win-MediaFoundation: 216162199b28c13a410421893ffa2e32 -> 
  custom:video-decoder-ogg-theora: a1e56fd34408186e4bbccfd4996cb3dc -> 
  custom:container-muxer-webm: aa71ff27fc2769a1b78a27578f13a17b -> 
  custom:container-demuxer-webm: 4f35f7cbe854078d1ac9338744f61a02 -> 
  custom:container-demuxer-ogg: 62fdf1f143b41e24485cea50d1cbac27 -> 
  custom:video-encoder-webm-vp8: eb34c28f22e8b96e1ab97ce403110664 -> 
  custom:video-decoder-webm-vp8: 9c59270c3fd7afecdb556c50c9e8de78 -> 
  custom:audio-decoder-ogg-vorbis: bf7c407c2cedff20999df2af8eb42d56 -> 
  custom:audio-encoder-webm-vorbis: bf7c407c2cedff20999df2af8eb42d56 -> 
========================================================================
Received Prepare
Registering precompiled user dll's ...
Registered in 0.002486 seconds.
Begin MonoManager ReloadAssembly
Native extension for WindowsStandalone target not found
Refreshing native plugins compatible for Editor in 0.28 ms, found 2 plugins.
Preloading 0 native plugins for Editor in 0.00 ms.
Mono: successfully reloaded assembly
- Completed reload, in  0.700 seconds
Domain Reload Profiling:
	ReloadAssembly (701ms)
		BeginReloadAssembly (73ms)
			ExecutionOrderSort (0ms)
			DisableScriptedObjects (4ms)
			BackupInstance (0ms)
			ReleaseScriptingObjects (0ms)
			CreateAndSetChildDomain (22ms)
		EndReloadAssembly (584ms)
			LoadAssemblies (57ms)
			RebuildTransferFunctionScriptingTraits (0ms)
			SetupTypeCache (178ms)
			ReleaseScriptCaches (1ms)
			RebuildScriptCaches (30ms)
			SetupLoadedEditorAssemblies (252ms)
				LogAssemblyErrors (0ms)
				InitializePlatformSupportModulesInManaged (3ms)
				SetLoadedEditorAssemblies (0ms)
				RefreshPlugins (0ms)
				BeforeProcessingInitializeOnLoad (33ms)
				ProcessInitializeOnLoadAttributes (206ms)
				ProcessInitializeOnLoadMethodAttributes (5ms)
				AfterProcessingInitializeOnLoad (4ms)
				EditorAssembliesLoaded (0ms)
			ExecutionOrderSort2 (0ms)
			AwakeInstancesAfterBackupRestoration (5ms)
Platform modules already initialized, skipping
Refreshing native plugins compatible for Editor in 0.34 ms, found 2 plugins.
Preloading 0 native plugins for Editor in 0.00 ms.
Unloading 1621 Unused Serialized files (Serialized files now loaded: 0)
System memory in use before: 77.6 MB.
System memory in use after: 77.7 MB.

Unloading 14 unused Assets to reduce memory usage. Loaded Objects now: 2101.
Total: 2.225400 ms (FindLiveObjects: 0.148200 ms CreateObjectMapping: 0.045200 ms MarkObjects: 2.012000 ms  DeleteObjects: 0.018900 ms)

AssetImportParameters requested are different than current active one (requested -> active):
  custom:framework-win-MediaFoundation: 216162199b28c13a410421893ffa2e32 -> 
  custom:video-decoder-ogg-theora: a1e56fd34408186e4bbccfd4996cb3dc -> 
  custom:container-muxer-webm: aa71ff27fc2769a1b78a27578f13a17b -> 
  custom:container-demuxer-webm: 4f35f7cbe854078d1ac9338744f61a02 -> 
  custom:container-demuxer-ogg: 62fdf1f143b41e24485cea50d1cbac27 -> 
  custom:video-encoder-webm-vp8: eb34c28f22e8b96e1ab97ce403110664 -> 
  custom:video-decoder-webm-vp8: 9c59270c3fd7afecdb556c50c9e8de78 -> 
  custom:audio-decoder-ogg-vorbis: bf7c407c2cedff20999df2af8eb42d56 -> 
  custom:audio-encoder-webm-vorbis: bf7c407c2cedff20999df2af8eb42d56 -> 
========================================================================
Received Prepare
Registering precompiled user dll's ...
Registered in 0.002281 seconds.
Begin MonoManager ReloadAssembly
Native extension for WindowsStandalone target not found
Refreshing native plugins compatible for Editor in 0.29 ms, found 2 plugins.
Preloading 0 native plugins for Editor in 0.00 ms.
Mono: successfully reloaded assembly
- Completed reload, in  0.741 seconds
Domain Reload Profiling:
	ReloadAssembly (742ms)
		BeginReloadAssembly (99ms)
			ExecutionOrderSort (0ms)
			DisableScriptedObjects (4ms)
			BackupInstance (0ms)
			ReleaseScriptingObjects (0ms)
			CreateAndSetChildDomain (27ms)
		EndReloadAssembly (595ms)
			LoadAssemblies (61ms)
			RebuildTransferFunctionScriptingTraits (0ms)
			SetupTypeCache (194ms)
			ReleaseScriptCaches (1ms)
			RebuildScriptCaches (27ms)
			SetupLoadedEditorAssemblies (248ms)
				LogAssemblyErrors (0ms)
				InitializePlatformSupportModulesInManaged (4ms)
				SetLoadedEditorAssemblies (0ms)
				RefreshPlugins (0ms)
				BeforeProcessingInitializeOnLoad (35ms)
				ProcessInitializeOnLoadAttributes (200ms)
				ProcessInitializeOnLoadMethodAttributes (5ms)
				AfterProcessingInitializeOnLoad (4ms)
				EditorAssembliesLoaded (0ms)
			ExecutionOrderSort2 (0ms)
			AwakeInstancesAfterBackupRestoration (5ms)
Platform modules already initialized, skipping
Refreshing native plugins compatible for Editor in 0.28 ms, found 2 plugins.
Preloading 0 native plugins for Editor in 0.00 ms.
Unloading 1621 Unused Serialized files (Serialized files now loaded: 0)
System memory in use before: 77.6 MB.
System memory in use after: 77.7 MB.

Unloading 14 unused Assets to reduce memory usage. Loaded Objects now: 2103.
Total: 2.041600 ms (FindLiveObjects: 0.122200 ms CreateObjectMapping: 0.036200 ms MarkObjects: 1.860700 ms  DeleteObjects: 0.020300 ms)

AssetImportParameters requested are different than current active one (requested -> active):
  custom:framework-win-MediaFoundation: 216162199b28c13a410421893ffa2e32 -> 
  custom:video-decoder-ogg-theora: a1e56fd34408186e4bbccfd4996cb3dc -> 
  custom:container-muxer-webm: aa71ff27fc2769a1b78a27578f13a17b -> 
  custom:container-demuxer-webm: 4f35f7cbe854078d1ac9338744f61a02 -> 
  custom:container-demuxer-ogg: 62fdf1f143b41e24485cea50d1cbac27 -> 
  custom:video-encoder-webm-vp8: eb34c28f22e8b96e1ab97ce403110664 -> 
  custom:video-decoder-webm-vp8: 9c59270c3fd7afecdb556c50c9e8de78 -> 
  custom:audio-decoder-ogg-vorbis: bf7c407c2cedff20999df2af8eb42d56 -> 
  custom:audio-encoder-webm-vorbis: bf7c407c2cedff20999df2af8eb42d56 -> 
AssetImportWorkerClient::OnTransportError - code=2 error=End of file
